Logging started 2022-10-28 22:21:45
     3.85 ms : Enabling low frag heap (0.02 ms)
     3.86 ms : Launching splash screen (1.13 ms)
     5.00 ms : Waiting for splash screen (9.21 ms)
    14.20 ms : Waiting for splash screen (15.02 ms)
    29.22 ms : Waiting for splash screen (16.16 ms)
    45.38 ms : Alloc other stuff (6.56 ms)
    51.94 ms : Loading amisci.dll (36.42 ms)
    88.36 ms : Setting up SEH translator (4.82 ms)
    93.18 ms : Initializing OLE (0.03 ms)
    93.21 ms : Initializing RichEdit (21.64 ms)
   114.85 ms : Checking current working directory (1.10 ms)
   115.95 ms : Loading persistent variables (0.19 ms)
   116.13 ms : Loading MRU lists (11.41 ms)
   127.54 ms : Loading commisison table (16.66 ms)
   144.21 ms : Loading preferences (1.16 ms)
   145.36 ms : Initializing display settings (0.39 ms)
   145.75 ms : Loading old groups and markets (0.52 ms)
   146.27 ms : Loading GICS and ICB (2.82 ms)
   149.09 ms : Loading plugins (3079.24 ms)
  3228.33 ms : Loading AT interfaces (0.13 ms)
  3228.46 ms : Loading AFL function table (4.45 ms)
  3232.91 ms : Init chart infos (0.96 ms)
  3233.87 ms : Loading parameters (23.03 ms)
  3256.90 ms : Loading chart infos (1.46 ms)
  3258.36 ms : Loading custom tools (3.19 ms)
  3261.55 ms : Allocating lists (0.21 ms)
  3261.76 ms : Loading layers and alerts (1.40 ms)
  3263.16 ms : Loading miscellaneous data (0.10 ms)
  3263.26 ms : Adding MDI templates (2.42 ms)
  3265.68 ms : Register OLE server (3.50 ms)
  3269.18 ms : Creating main frame object (19.52 ms)
  3288.70 ms : Loading main frame (298.76 ms)
  3587.46 ms : Parsing command line (0.02 ms)
  3587.48 ms : Checking Broker.Document object registration (2.74 ms)
  3590.22 ms : Dispatch commands via ProcessShellCommand (0.27 ms)
  3590.49 ms : Showing main frame window (231.78 ms)
  3822.27 ms : Setting up accelerators (0.16 ms)
  3822.43 ms : Loading database (LoadMarketData) (333.84 ms)
  4156.27 ms : Setting active symbol (78.79 ms)
  4235.06 ms : Opening default chart (167.68 ms)
  4402.75 ms : Loading default workspace/layout (970.57 ms)
  5373.31 ms : Closing startup splash screen (async in 1 second) (1.64 ms)
  5374.95 ms : Starting up schedule (0.92 ms)
  5375.87 ms : *InitInstance finished