Apr 08 00:54:08  DbcCleanup called, will cleanup now
Apr 08 00:55:01  DbcCleanup called, will cleanup now
Apr 08 00:55:07  DbcCleanup called, will cleanup now
Apr 08 00:55:27  DbcCleanup called, will cleanup now
Apr 08 00:55:32  DbcCleanup called, will cleanup now
Apr 08 01:01:58  DbcCleanup called, will cleanup now
Apr 08 01:08:46  DbcCleanup called, will cleanup now
Apr 08 01:45:11  DbcCleanup called, will cleanup now
Apr 08 02:07:33  DbcCleanup called, will cleanup now
Apr 08 02:10:06  DbcCleanup called, will cleanup now
Apr 08 23:02:14  DbcCleanup called, will cleanup now
Apr 09 00:56:22  DbcCleanup called, will cleanup now
Apr 10 23:08:07  DbcCleanup called, will cleanup now
Apr 12 20:57:50  DbcCleanup called, will cleanup now
Apr 12 21:48:11  DbcCleanup called, will cleanup now
Apr 14 00:11:49  DbcCleanup called, will cleanup now
Apr 16 00:31:26  DbcCleanup called, will cleanup now
Apr 18 10:35:32  DbcCleanup called, will cleanup now
Apr 18 18:19:53  DbcCleanup called, will cleanup now
Apr 19 20:17:04  DbcCleanup called, will cleanup now
Apr 22 00:36:44  DbcCleanup called, will cleanup now
Apr 22 19:13:13  DbcCleanup called, will cleanup now
Apr 23 22:21:40  DbcCleanup called, will cleanup now
Apr 27 11:00:51  DbcCleanup called, will cleanup now
Apr 30 03:05:15  DbcCleanup called, will cleanup now
Apr 30 11:50:32  DbcCleanup called, will cleanup now
Apr 30 14:33:26  DbcCleanup called, will cleanup now
Apr 30 14:43:06  DbcCleanup called, will cleanup now
Apr 30 15:03:43  DbcCleanup called, will cleanup now
Apr 30 15:06:28  DbcCleanup called, will cleanup now
Apr 30 15:12:01  DbcCleanup called, will cleanup now
Apr 30 15:20:12  DbcCleanup called, will cleanup now
Apr 30 20:34:08  DbcCleanup called, will cleanup now
May 02 20:42:14  DbcCleanup called, will cleanup now
May 04 22:54:54  DbcCleanup called, will cleanup now
May 05 20:00:58  DbcCleanup called, will cleanup now
May 09 22:59:51  DbcCleanup called, will cleanup now
May 10 20:01:07  DbcCleanup called, will cleanup now
May 10 22:14:35  DbcCleanup called, will cleanup now
May 10 22:40:29  DbcCleanup called, will cleanup now
May 11 00:44:45  DbcCleanup called, will cleanup now
May 11 21:55:04  DbcCleanup called, will cleanup now
May 12 23:03:49  DbcCleanup called, will cleanup now
May 13 00:45:23  DbcCleanup called, will cleanup now
May 13 00:50:48  DbcCleanup called, will cleanup now
May 13 01:08:25  DbcCleanup called, will cleanup now
May 13 13:11:02  DbcCleanup called, will cleanup now
May 13 20:33:53  DbcCleanup called, will cleanup now
May 14 08:44:58  DbcCleanup called, will cleanup now
May 16 21:50:35  DbcCleanup called, will cleanup now
May 17 20:34:23  DbcCleanup called, will cleanup now
May 18 00:48:33  DbcCleanup called, will cleanup now
May 18 13:01:17  DbcCleanup called, will cleanup now
May 19 19:47:34  DbcCleanup called, will cleanup now
May 20 00:32:28  DbcCleanup called, will cleanup now
May 20 21:21:40  DbcCleanup called, will cleanup now
May 22 00:20:17  DbcCleanup called, will cleanup now
May 24 22:48:55  DbcCleanup called, will cleanup now
May 25 13:16:39  DbcCleanup called, will cleanup now
May 25 21:21:08  DbcCleanup called, will cleanup now
May 27 00:26:55  DbcCleanup called, will cleanup now
May 27 19:28:01  DbcCleanup called, will cleanup now
May 28 22:29:23  DbcCleanup called, will cleanup now
May 29 16:56:36  DbcCleanup called, will cleanup now
May 29 16:56:41  DbcCleanup called, will cleanup now
May 29 16:56:45  DbcCleanup called, will cleanup now
May 30 02:55:47  DbcCleanup called, will cleanup now
May 30 11:13:19  DbcCleanup called, will cleanup now
May 31 20:17:50  DbcCleanup called, will cleanup now
May 31 20:18:02  DbcCleanup called, will cleanup now
Jun 04 00:20:19  DbcCleanup called, will cleanup now
Jun 08 00:44:33  DbcCleanup called, will cleanup now
Jun 08 01:13:01  DbcCleanup called, will cleanup now
Jun 09 00:40:58  DbcCleanup called, will cleanup now
Jun 09 01:26:50  DbcCleanup called, will cleanup now
Jun 09 15:19:57  DbcCleanup called, will cleanup now
Jun 09 19:57:23  DbcCleanup called, will cleanup now
Jun 11 01:45:57  DbcCleanup called, will cleanup now
Jun 12 23:16:26  DbcCleanup called, will cleanup now
Jun 14 18:40:13  DbcCleanup called, will cleanup now
Jun 15 21:36:46  DbcCleanup called, will cleanup now
Jun 16 17:39:08  DbcCleanup called, will cleanup now
Jun 17 00:25:49  DbcCleanup called, will cleanup now
Jun 17 09:46:30  DbcCleanup called, will cleanup now
Jun 20 21:50:07  DbcCleanup called, will cleanup now
Jun 21 21:34:50  DbcCleanup called, will cleanup now
Jun 22 00:58:13  DbcCleanup called, will cleanup now
Jun 23 00:14:14  DbcCleanup called, will cleanup now
Jun 23 23:01:27  DbcCleanup called, will cleanup now
Jun 28 20:45:50  DbcCleanup called, will cleanup now
Jun 30 01:15:59  DbcCleanup called, will cleanup now
Jun 30 20:32:12  DbcCleanup called, will cleanup now
Jul 02 17:34:27  DbcCleanup called, will cleanup now
Jul 03 11:18:13  DbcCleanup called, will cleanup now
Jul 03 11:48:27  DbcCleanup called, will cleanup now
Jul 04 14:05:01  DbcCleanup called, will cleanup now
Jul 04 21:03:08  DbcCleanup called, will cleanup now
Jul 05 20:13:49  DbcCleanup called, will cleanup now
Jul 06 22:57:05  DbcCleanup called, will cleanup now
Jul 07 21:46:35  DbcCleanup called, will cleanup now
Jul 09 00:06:20  DbcCleanup called, will cleanup now
Jul 10 00:34:39  DbcCleanup called, will cleanup now
Jul 10 01:42:29  DbcCleanup called, will cleanup now
Jul 10 01:42:38  DbcCleanup called, will cleanup now
Jul 10 01:43:11  DbcCleanup called, will cleanup now
Jul 10 01:55:56  DbcCleanup called, will cleanup now
Jul 10 12:51:42  DbcCleanup called, will cleanup now
Jul 12 20:57:16  DbcCleanup called, will cleanup now
Jul 13 18:55:21  DbcCleanup called, will cleanup now
Jul 14 19:31:28  DbcCleanup called, will cleanup now
Jul 14 21:56:48  DbcCleanup called, will cleanup now
Jul 14 23:39:39  DbcCleanup called, will cleanup now
Jul 15 18:34:22  DbcCleanup called, will cleanup now
Jul 16 19:55:33  DbcCleanup called, will cleanup now
Jul 18 11:04:42  DbcCleanup called, will cleanup now
Jul 19 21:38:22  DbcCleanup called, will cleanup now
Jul 20 19:29:05  DbcCleanup called, will cleanup now
Jul 20 20:43:20  DbcCleanup called, will cleanup now
Jul 21 21:05:28  DbcCleanup called, will cleanup now
Jul 22 19:18:37  DbcCleanup called, will cleanup now
Jul 24 00:32:44  DbcCleanup called, will cleanup now
Jul 24 10:53:34  DbcCleanup called, will cleanup now
Jul 26 19:22:16  DbcCleanup called, will cleanup now
Jul 29 00:18:25  DbcCleanup called, will cleanup now
Aug 01 10:27:05  DbcCleanup called, will cleanup now
Aug 04 23:06:11  DbcCleanup called, will cleanup now
Aug 07 07:56:17  DbcCleanup called, will cleanup now
Aug 07 14:34:45  DbcCleanup called, will cleanup now
Aug 10 21:58:05  DbcCleanup called, will cleanup now
Aug 11 00:32:02  DbcCleanup called, will cleanup now
Aug 11 20:36:51  DbcCleanup called, will cleanup now
Aug 12 23:16:52  DbcCleanup called, will cleanup now
Aug 13 20:08:30  DbcCleanup called, will cleanup now
Aug 14 22:00:01  DbcCleanup called, will cleanup now
Aug 14 22:57:48  DbcCleanup called, will cleanup now
Aug 15 13:30:11  DbcCleanup called, will cleanup now
Aug 15 19:52:47  DbcCleanup called, will cleanup now
Aug 16 22:39:22  DbcCleanup called, will cleanup now
Aug 17 20:12:18  DbcCleanup called, will cleanup now
Aug 18 18:34:17  DbcCleanup called, will cleanup now
Aug 19 00:04:36  DbcCleanup called, will cleanup now
Aug 19 21:03:29  DbcCleanup called, will cleanup now
Aug 21 15:53:05  DbcCleanup called, will cleanup now
Aug 23 21:05:35  DbcCleanup called, will cleanup now
Aug 24 00:59:01  DbcCleanup called, will cleanup now
Aug 24 21:43:59  DbcCleanup called, will cleanup now
Aug 28 13:27:37  DbcCleanup called, will cleanup now
Aug 29 21:40:41  DbcCleanup called, will cleanup now
Aug 30 19:06:06  DbcCleanup called, will cleanup now
Aug 30 19:06:52  DbcCleanup called, will cleanup now
Aug 31 19:50:08  DbcCleanup called, will cleanup now
Sep 01 21:12:55  DbcCleanup called, will cleanup now
Sep 04 15:36:21  DbcCleanup called, will cleanup now
Sep 06 21:08:53  DbcCleanup called, will cleanup now
Sep 08 23:11:18  DbcCleanup called, will cleanup now
Sep 12 11:20:52  DbcCleanup called, will cleanup now
Sep 12 17:04:57  DbcCleanup called, will cleanup now
Sep 13 19:50:05  DbcCleanup called, will cleanup now
Sep 14 20:42:57  DbcCleanup called, will cleanup now
Sep 16 19:45:12  DbcCleanup called, will cleanup now
Sep 16 19:47:19  DbcCleanup called, will cleanup now
Sep 29 23:04:02  DbcCleanup called, will cleanup now
Sep 30 20:12:59  DbcCleanup called, will cleanup now
Oct 01 00:51:05  DbcCleanup called, will cleanup now
Oct 01 00:58:13  DbcCleanup called, will cleanup now
Oct 04 22:59:53  DbcCleanup called, will cleanup now
Oct 05 20:03:56  DbcCleanup called, will cleanup now
Oct 07 00:14:44  DbcCleanup called, will cleanup now
Oct 07 19:07:14  DbcCleanup called, will cleanup now
Oct 08 23:31:31  DbcCleanup called, will cleanup now
Oct 08 23:43:50  DbcCleanup called, will cleanup now
Oct 08 23:46:01  DbcCleanup called, will cleanup now
Oct 08 23:47:54  DbcCleanup called, will cleanup now
Oct 12 18:02:54  DbcCleanup called, will cleanup now
Oct 25 21:05:57  DbcCleanup called, will cleanup now
Oct 28 23:09:05  DbcCleanup called, will cleanup now
Nov 02 01:06:23  DbcCleanup called, will cleanup now
Nov 02 22:02:37  DbcCleanup called, will cleanup now
Nov 05 20:54:50  DbcCleanup called, will cleanup now
Nov 08 23:33:22  DbcCleanup called, will cleanup now
Nov 18 20:20:23  DbcCleanup called, will cleanup now
Nov 20 00:42:32  DbcCleanup called, will cleanup now
Nov 20 15:49:17  DbcCleanup called, will cleanup now
Nov 21 17:30:47  DbcCleanup called, will cleanup now
Nov 24 01:04:07  DbcCleanup called, will cleanup now
Nov 25 20:43:52  DbcCleanup called, will cleanup now
Nov 27 17:26:00  DbcCleanup called, will cleanup now
Nov 27 17:39:19  DbcCleanup called, will cleanup now
Nov 28 15:11:12  DbcCleanup called, will cleanup now
Nov 29 23:17:00  DbcCleanup called, will cleanup now
Dec 02 00:45:41  DbcCleanup called, will cleanup now
Dec 02 21:59:26  DbcCleanup called, will cleanup now
Dec 07 20:47:11  DbcCleanup called, will cleanup now
Dec 11 16:46:51  DbcCleanup called, will cleanup now
Dec 16 19:42:04  DbcCleanup called, will cleanup now
Dec 18 16:25:26  DbcCleanup called, will cleanup now
Dec 21 01:00:19  DbcCleanup called, will cleanup now
Dec 23 00:00:53  DbcCleanup called, will cleanup now
Jan 06 01:02:32  DbcCleanup called, will cleanup now
Jan 10 01:08:11  DbcCleanup called, will cleanup now
Jan 13 23:03:53  DbcCleanup called, will cleanup now
Jan 23 00:47:02  DbcCleanup called, will cleanup now
Jan 26 19:28:58  DbcCleanup called, will cleanup now
Feb 04 18:44:10  DbcCleanup called, will cleanup now
Feb 05 14:24:43  DbcCleanup called, will cleanup now
Feb 06 13:52:05  DbcCleanup called, will cleanup now
Feb 16 00:05:36  DbcCleanup called, will cleanup now
Feb 23 07:43:37  DbcCleanup called, will cleanup now
Feb 24 23:56:42  DbcCleanup called, will cleanup now
Feb 26 16:39:00  DbcCleanup called, will cleanup now
Feb 27 17:15:48  DbcCleanup called, will cleanup now
Mar 14 00:18:32  DbcCleanup called, will cleanup now
Mar 16 19:27:35  DbcCleanup called, will cleanup now
Mar 20 22:32:33  DbcCleanup called, will cleanup now
Mar 23 00:20:01  DbcCleanup called, will cleanup now
Mar 24 00:47:21  DbcCleanup called, will cleanup now
Mar 27 10:15:28  DbcCleanup called, will cleanup now
Mar 27 11:47:31  DbcCleanup called, will cleanup now
Apr 02 23:15:11  DbcCleanup called, will cleanup now
Apr 03 00:36:07  DbcCleanup called, will cleanup now
Apr 19 22:45:39  DbcCleanup called, will cleanup now
Apr 20 00:18:22  DbcCleanup called, will cleanup now
Apr 20 00:19:13  DbcCleanup called, will cleanup now
Apr 20 00:31:11  DbcCleanup called, will cleanup now
Apr 20 01:02:33  DbcCleanup called, will cleanup now
Apr 20 01:07:11  DbcCleanup called, will cleanup now
Apr 23 15:10:07  DbcCleanup called, will cleanup now
May 02 17:49:26  DbcCleanup called, will cleanup now
May 05 00:46:05  DbcCleanup called, will cleanup now
May 18 21:43:28  DbcCleanup called, will cleanup now
May 20 23:05:18  DbcCleanup called, will cleanup now
May 23 19:18:05  DbcCleanup called, will cleanup now
Jun 01 21:53:18  DbcCleanup called, will cleanup now
Jun 04 03:38:07  DbcCleanup called, will cleanup now
Jun 06 23:21:35  DbcCleanup called, will cleanup now
Jun 08 22:47:28  DbcCleanup called, will cleanup now
Jun 09 18:08:01  DbcCleanup called, will cleanup now
Jun 10 18:20:03  DbcCleanup called, will cleanup now
Jun 11 18:25:37  DbcCleanup called, will cleanup now
Jun 12 17:28:23  DbcCleanup called, will cleanup now
Jun 26 15:08:43  DbcCleanup called, will cleanup now
Jul 13 23:14:44  DbcCleanup called, will cleanup now
Jul 19 23:26:40  DbcCleanup called, will cleanup now
Jul 20 23:42:21  DbcCleanup called, will cleanup now
Aug 03 22:09:27  DbcCleanup called, will cleanup now
Aug 14 19:16:53  DbcCleanup called, will cleanup now
Aug 17 21:25:06  DbcCleanup called, will cleanup now
Aug 20 01:02:51  DbcCleanup called, will cleanup now
Aug 20 13:23:21  DbcCleanup called, will cleanup now
Aug 21 00:03:25  DbcCleanup called, will cleanup now
Sep 04 21:34:06  DbcCleanup called, will cleanup now
Sep 07 22:33:39  DbcCleanup called, will cleanup now
Sep 08 23:54:12  DbcCleanup called, will cleanup now
Sep 09 22:59:27  DbcCleanup called, will cleanup now
Sep 10 16:24:08  DbcCleanup called, will cleanup now
Sep 11 01:06:14  DbcCleanup called, will cleanup now
Sep 13 00:29:16  DbcCleanup called, will cleanup now
Sep 13 21:48:48  DbcCleanup called, will cleanup now
Sep 15 01:30:07  DbcCleanup called, will cleanup now
Sep 18 01:21:33  DbcCleanup called, will cleanup now
Sep 20 00:27:30  DbcCleanup called, will cleanup now
Sep 22 01:08:13  DbcCleanup called, will cleanup now
Sep 22 21:10:16  DbcCleanup called, will cleanup now
Sep 22 23:49:34  DbcCleanup called, will cleanup now
Sep 23 00:50:56  DbcCleanup called, will cleanup now
Sep 29 21:34:06  DbcCleanup called, will cleanup now
Oct 01 23:39:16  DbcCleanup called, will cleanup now
Oct 04 01:24:27  DbcCleanup called, will cleanup now
Oct 05 01:41:19  DbcCleanup called, will cleanup now
Oct 06 00:29:55  DbcCleanup called, will cleanup now
Oct 07 00:34:14  DbcCleanup called, will cleanup now
Oct 08 15:32:54  DbcCleanup called, will cleanup now
Oct 09 12:51:17  DbcCleanup called, will cleanup now
Oct 10 23:43:41  DbcCleanup called, will cleanup now
Oct 15 00:34:16  DbcCleanup called, will cleanup now
Oct 19 00:30:44  DbcCleanup called, will cleanup now
Oct 19 00:47:45  DbcCleanup called, will cleanup now
Oct 19 18:26:23  DbcCleanup called, will cleanup now
Oct 21 23:58:04  DbcCleanup called, will cleanup now
Oct 23 12:45:10  DbcCleanup called, will cleanup now
Oct 26 22:03:35  DbcCleanup called, will cleanup now
Oct 27 22:20:31  DbcCleanup called, will cleanup now
Oct 27 23:46:30  DbcCleanup called, will cleanup now
Oct 28 00:05:54  DbcCleanup called, will cleanup now
Oct 28 00:11:40  DbcCleanup called, will cleanup now
Oct 28 22:21:46  DbcCleanup called, will cleanup now
Oct 29 16:13:32  DbcCleanup called, will cleanup now
